<?xml version="1.0" encoding="UTF-8"?>
<!-- Generated by org.testng.reporters.JUnitXMLReporter -->
<testsuite ignored="0" hostname="IN-7250BK3" failures="1" tests="1" name="Test" time="0.091" errors="0" timestamp="2023-10-04T15:05:47 IST">
  <testcase classname="jenkinsMavenIntegration.SampleTestCase" name="lauchBrowser" time="0.011">
    <failure type="java.lang.NullPointerException">
      <![CDATA[java.lang.NullPointerException
at jenkinsMavenIntegration.SampleTestCase.lauchBrowser(SampleTestCase.java:36)
at java.base/java.util.ArrayList.forEach(ArrayList.java:1541)
... Removed 31 stack frames]]>
    </failure>
  </testcase> <!-- lauchBrowser -->
</testsuite> <!-- Test -->
