<?xml version="1.0" encoding="UTF-8"?>
<testng-results ignored="0" total="1" passed="1" failed="0" skipped="0">
  <reporter-output>
  </reporter-output>
  <suite started-at="2023-10-04T18:41:01 IST" name="Suite" finished-at="2023-10-04T18:41:17 IST" duration-ms="15994">
    <groups>
    </groups>
    <test started-at="2023-10-04T18:41:01 IST" name="Test" finished-at="2023-10-04T18:41:17 IST" duration-ms="15994">
      <class name="jenkinsMavenIntegration.SampleTestCase">
        <test-method signature="lauchBrowser(java.lang.String)[pri:0, instance:jenkinsMavenIntegration.SampleTestCase@449a4f23]" started-at="2023-10-04T18:41:01 IST" name="lauchBrowser" finished-at="2023-10-04T18:41:16 IST" duration-ms="15923" status="PASS">
          <params>
            <param index="0">
              <value>
                <![CDATA[Chrome]]>
              </value>
            </param>
          </params>
          <reporter-output>
          </reporter-output>
        </test-method> <!-- lauchBrowser -->
      </class> <!-- jenkinsMavenIntegration.SampleTestCase -->
    </test> <!-- Test -->
  </suite> <!-- Suite -->
</testng-results>
